<?xml version="1.0" encoding="UTF-8" ?>
<testsuite failures="0" time="0.004" errors="0" skipped="0" tests="5" name="gov.llnl.ontology.util.ExtendedMapTest">
  <properties>
[...]
</properties>
  <testcase time="0.001" classname="gov.llnl.ontology.util.ExtendedMapTest" name="testIterator"/>
  <testcase time="0" classname="gov.llnl.ontology.util.ExtendedMapTest" name="testSize"/>
  <testcase time="0" classname="gov.llnl.ontology.util.ExtendedMapTest" name="testGet"/>
  <testcase time="0.001" classname="gov.llnl.ontology.util.ExtendedMapTest" name="testPut"/>
  <testcase time="0" classname="gov.llnl.ontology.util.ExtendedMapTest" name="testPutFailure"/>
</testsuite>